2026-06-13 01:50:03,820 - INFO - Configured dataset source directory: C:\Users\skram\OneDrive\Desktop\disease-gene-map\disease-gene-map\backend\data
2026-06-13 01:50:03,822 - INFO - Initializing ETL Pipeline execution...
2026-06-13 01:50:03,822 - INFO - Loading existing primary keys from database for integrity checks...
2026-06-13 01:50:03,837 - INFO - Pre-loaded 0 genes and 0 diseases from DB.
2026-06-13 01:50:03,837 - INFO - Starting ingestion of diseases from: C:\Users\skram\OneDrive\Desktop\disease-gene-map\disease-gene-map\backend\data\diseases_500.csv
2026-06-13 01:50:03,911 - INFO - Diseases batch ingestion completed. Imported/updated 500 records.
2026-06-13 01:50:03,911 - INFO - Starting ingestion of genes from: C:\Users\skram\OneDrive\Desktop\disease-gene-map\disease-gene-map\backend\data\genes_1500.csv
2026-06-13 01:50:04,092 - INFO - Genes batch ingestion completed. Imported/updated 1500 records.
2026-06-13 01:50:04,093 - INFO - Starting ingestion of pathways from: C:\Users\skram\OneDrive\Desktop\disease-gene-map\disease-gene-map\backend\data\pathways_300.csv
2026-06-13 01:50:04,129 - INFO - Pathways batch ingestion completed. Imported/updated 300 records.
2026-06-13 01:50:04,129 - INFO - Starting ingestion of variants from: C:\Users\skram\OneDrive\Desktop\disease-gene-map\disease-gene-map\backend\data\variants_2000.csv
2026-06-13 01:50:04,336 - INFO - Variants batch ingestion completed. Imported/updated 2000 records.
2026-06-13 01:50:04,336 - INFO - Starting ingestion of associations from: C:\Users\skram\OneDrive\Desktop\disease-gene-map\disease-gene-map\backend\data\associations_10000.csv
2026-06-13 01:50:05,356 - INFO - Associations batch ingestion completed. Imported/updated 9924 records.
2026-06-13 01:50:05,356 - INFO - Starting ingestion of drug targets from: C:\Users\skram\OneDrive\Desktop\disease-gene-map\disease-gene-map\backend\data\drug_targets_500.csv
2026-06-13 01:50:05,430 - INFO - Drug targets batch ingestion completed. Imported/updated 500 records.
2026-06-13 01:50:05,430 - INFO - Starting ingestion of publications from: C:\Users\skram\OneDrive\Desktop\disease-gene-map\disease-gene-map\backend\data\publications_1000.csv
2026-06-13 01:50:05,548 - INFO - Publications batch ingestion completed. Imported/updated 1000 records.
2026-06-13 01:50:09,618 - INFO - HEAD http://localhost:9200/ [status:N/A duration:4.070s]
2026-06-13 01:50:09,618 - WARNING - Node <Urllib3HttpNode(http://localhost:9200)> has failed for 1 times in a row, putting on 1 second timeout
2026-06-13 01:50:09,618 - WARNING - Retrying request after failure (attempt 0 of 3)
Traceback (most recent call last):
  File "C:\Users\skram\AppData\Local\Programs\Python\Python312\Lib\site-packages\urllib3\connection.py", line 198, in _new_conn
    sock = connection.create_connection(
           ^^^^^^^^^^^^^^^^^^^^^^^^^^^^^
  File "C:\Users\skram\AppData\Local\Programs\Python\Python312\Lib\site-packages\urllib3\util\connection.py", line 85, in create_connection
    raise err
  File "C:\Users\skram\AppData\Local\Programs\Python\Python312\Lib\site-packages\urllib3\util\connection.py", line 73, in create_connection
    sock.connect(sa)
ConnectionRefusedError: [WinError 10061] No connection could be made because the target machine actively refused it

The above exception was the direct cause of the following exception:

Traceback (most recent call last):
  File "C:\Users\skram\AppData\Local\Programs\Python\Python312\Lib\site-packages\elastic_transport\_node\_http_urllib3.py", line 167, in perform_request
    response = self.pool.urlopen(
               ^^^^^^^^^^^^^^^^^^
  File "C:\Users\skram\AppData\Local\Programs\Python\Python312\Lib\site-packages\urllib3\connectionpool.py", line 841, in urlopen
    retries = retries.increment(
              ^^^^^^^^^^^^^^^^^^
  File "C:\Users\skram\AppData\Local\Programs\Python\Python312\Lib\site-packages\urllib3\util\retry.py", line 449, in increment
    raise reraise(type(error), error, _stacktrace)
          ^^^^^^^^^^^^^^^^^^^^^^^^^^^^^^^^^^^^^^^^
  File "C:\Users\skram\AppData\Local\Programs\Python\Python312\Lib\site-packages\urllib3\util\util.py", line 39, in reraise
    raise value
  File "C:\Users\skram\AppData\Local\Programs\Python\Python312\Lib\site-packages\urllib3\connectionpool.py", line 787, in urlopen
    response = self._make_request(
               ^^^^^^^^^^^^^^^^^^^
  File "C:\Users\skram\AppData\Local\Programs\Python\Python312\Lib\site-packages\urllib3\connectionpool.py", line 493, in _make_request
    conn.request(
  File "C:\Users\skram\AppData\Local\Programs\Python\Python312\Lib\site-packages\urllib3\connection.py", line 445, in request
    self.endheaders()
  File "C:\Users\skram\AppData\Local\Programs\Python\Python312\Lib\http\client.py", line 1322, in endheaders
    self._send_output(message_body, encode_chunked=encode_chunked)
  File "C:\Users\skram\AppData\Local\Programs\Python\Python312\Lib\http\client.py", line 1081, in _send_output
    self.send(msg)
  File "C:\Users\skram\AppData\Local\Programs\Python\Python312\Lib\http\client.py", line 1025, in send
    self.connect()
  File "C:\Users\skram\AppData\Local\Programs\Python\Python312\Lib\site-packages\urllib3\connection.py", line 276, in connect
    self.sock = self._new_conn()
                ^^^^^^^^^^^^^^^^
  File "C:\Users\skram\AppData\Local\Programs\Python\Python312\Lib\site-packages\urllib3\connection.py", line 213, in _new_conn
    raise NewConnectionError(
urllib3.exceptions.NewConnectionError: <urllib3.connection.HTTPConnection object at 0x000001C448028440>: Failed to establish a new connection: [WinError 10061] No connection could be made because the target machine actively refused it

The above exception was the direct cause of the following exception:

Traceback (most recent call last):
  File "C:\Users\skram\AppData\Local\Programs\Python\Python312\Lib\site-packages\elastic_transport\_transport.py", line 342, in perform_request
    resp = node.perform_request(
           ^^^^^^^^^^^^^^^^^^^^^
  File "C:\Users\skram\AppData\Local\Programs\Python\Python312\Lib\site-packages\elastic_transport\_node\_http_urllib3.py", line 202, in perform_request
    raise err from e
elastic_transport.ConnectionError: Connection error caused by: NewConnectionError(<urllib3.connection.HTTPConnection object at 0x000001C448028440>: Failed to establish a new connection: [WinError 10061] No connection could be made because the target machine actively refused it)
2026-06-13 01:50:13,648 - INFO - HEAD http://localhost:9200/ [status:N/A duration:4.026s]
2026-06-13 01:50:13,648 - WARNING - Node <Urllib3HttpNode(http://localhost:9200)> has failed for 2 times in a row, putting on 2 second timeout
2026-06-13 01:50:13,648 - WARNING - Retrying request after failure (attempt 1 of 3)
Traceback (most recent call last):
  File "C:\Users\skram\AppData\Local\Programs\Python\Python312\Lib\site-packages\urllib3\connection.py", line 198, in _new_conn
    sock = connection.create_connection(
           ^^^^^^^^^^^^^^^^^^^^^^^^^^^^^
  File "C:\Users\skram\AppData\Local\Programs\Python\Python312\Lib\site-packages\urllib3\util\connection.py", line 85, in create_connection
    raise err
  File "C:\Users\skram\AppData\Local\Programs\Python\Python312\Lib\site-packages\urllib3\util\connection.py", line 73, in create_connection
    sock.connect(sa)
ConnectionRefusedError: [WinError 10061] No connection could be made because the target machine actively refused it

The above exception was the direct cause of the following exception:

Traceback (most recent call last):
  File "C:\Users\skram\AppData\Local\Programs\Python\Python312\Lib\site-packages\elastic_transport\_node\_http_urllib3.py", line 167, in perform_request
    response = self.pool.urlopen(
               ^^^^^^^^^^^^^^^^^^
  File "C:\Users\skram\AppData\Local\Programs\Python\Python312\Lib\site-packages\urllib3\connectionpool.py", line 841, in urlopen
    retries = retries.increment(
              ^^^^^^^^^^^^^^^^^^
  File "C:\Users\skram\AppData\Local\Programs\Python\Python312\Lib\site-packages\urllib3\util\retry.py", line 449, in increment
    raise reraise(type(error), error, _stacktrace)
          ^^^^^^^^^^^^^^^^^^^^^^^^^^^^^^^^^^^^^^^^
  File "C:\Users\skram\AppData\Local\Programs\Python\Python312\Lib\site-packages\urllib3\util\util.py", line 39, in reraise
    raise value
  File "C:\Users\skram\AppData\Local\Programs\Python\Python312\Lib\site-packages\urllib3\connectionpool.py", line 787, in urlopen
    response = self._make_request(
               ^^^^^^^^^^^^^^^^^^^
  File "C:\Users\skram\AppData\Local\Programs\Python\Python312\Lib\site-packages\urllib3\connectionpool.py", line 493, in _make_request
    conn.request(
  File "C:\Users\skram\AppData\Local\Programs\Python\Python312\Lib\site-packages\urllib3\connection.py", line 445, in request
    self.endheaders()
  File "C:\Users\skram\AppData\Local\Programs\Python\Python312\Lib\http\client.py", line 1322, in endheaders
    self._send_output(message_body, encode_chunked=encode_chunked)
  File "C:\Users\skram\AppData\Local\Programs\Python\Python312\Lib\http\client.py", line 1081, in _send_output
    self.send(msg)
  File "C:\Users\skram\AppData\Local\Programs\Python\Python312\Lib\http\client.py", line 1025, in send
    self.connect()
  File "C:\Users\skram\AppData\Local\Programs\Python\Python312\Lib\site-packages\urllib3\connection.py", line 276, in connect
    self.sock = self._new_conn()
                ^^^^^^^^^^^^^^^^
  File "C:\Users\skram\AppData\Local\Programs\Python\Python312\Lib\site-packages\urllib3\connection.py", line 213, in _new_conn
    raise NewConnectionError(
urllib3.exceptions.NewConnectionError: <urllib3.connection.HTTPConnection object at 0x000001C4480281A0>: Failed to establish a new connection: [WinError 10061] No connection could be made because the target machine actively refused it

The above exception was the direct cause of the following exception:

Traceback (most recent call last):
  File "C:\Users\skram\AppData\Local\Programs\Python\Python312\Lib\site-packages\elastic_transport\_transport.py", line 342, in perform_request
    resp = node.perform_request(
           ^^^^^^^^^^^^^^^^^^^^^
  File "C:\Users\skram\AppData\Local\Programs\Python\Python312\Lib\site-packages\elastic_transport\_node\_http_urllib3.py", line 202, in perform_request
    raise err from e
elastic_transport.ConnectionError: Connection error caused by: NewConnectionError(<urllib3.connection.HTTPConnection object at 0x000001C4480281A0>: Failed to establish a new connection: [WinError 10061] No connection could be made because the target machine actively refused it)
2026-06-13 01:50:13,652 - INFO - Resurrected node <Urllib3HttpNode(http://localhost:9200)> (force=False)
2026-06-13 01:50:17,731 - INFO - HEAD http://localhost:9200/ [status:N/A duration:4.079s]
2026-06-13 01:50:17,731 - WARNING - Node <Urllib3HttpNode(http://localhost:9200)> has failed for 3 times in a row, putting on 4 second timeout
2026-06-13 01:50:17,731 - WARNING - Retrying request after failure (attempt 2 of 3)
Traceback (most recent call last):
  File "C:\Users\skram\AppData\Local\Programs\Python\Python312\Lib\site-packages\urllib3\connection.py", line 198, in _new_conn
    sock = connection.create_connection(
           ^^^^^^^^^^^^^^^^^^^^^^^^^^^^^
  File "C:\Users\skram\AppData\Local\Programs\Python\Python312\Lib\site-packages\urllib3\util\connection.py", line 85, in create_connection
    raise err
  File "C:\Users\skram\AppData\Local\Programs\Python\Python312\Lib\site-packages\urllib3\util\connection.py", line 73, in create_connection
    sock.connect(sa)
ConnectionRefusedError: [WinError 10061] No connection could be made because the target machine actively refused it

The above exception was the direct cause of the following exception:

Traceback (most recent call last):
  File "C:\Users\skram\AppData\Local\Programs\Python\Python312\Lib\site-packages\elastic_transport\_node\_http_urllib3.py", line 167, in perform_request
    response = self.pool.urlopen(
               ^^^^^^^^^^^^^^^^^^
  File "C:\Users\skram\AppData\Local\Programs\Python\Python312\Lib\site-packages\urllib3\connectionpool.py", line 841, in urlopen
    retries = retries.increment(
              ^^^^^^^^^^^^^^^^^^
  File "C:\Users\skram\AppData\Local\Programs\Python\Python312\Lib\site-packages\urllib3\util\retry.py", line 449, in increment
    raise reraise(type(error), error, _stacktrace)
          ^^^^^^^^^^^^^^^^^^^^^^^^^^^^^^^^^^^^^^^^
  File "C:\Users\skram\AppData\Local\Programs\Python\Python312\Lib\site-packages\urllib3\util\util.py", line 39, in reraise
    raise value
  File "C:\Users\skram\AppData\Local\Programs\Python\Python312\Lib\site-packages\urllib3\connectionpool.py", line 787, in urlopen
    response = self._make_request(
               ^^^^^^^^^^^^^^^^^^^
  File "C:\Users\skram\AppData\Local\Programs\Python\Python312\Lib\site-packages\urllib3\connectionpool.py", line 493, in _make_request
    conn.request(
  File "C:\Users\skram\AppData\Local\Programs\Python\Python312\Lib\site-packages\urllib3\connection.py", line 445, in request
    self.endheaders()
  File "C:\Users\skram\AppData\Local\Programs\Python\Python312\Lib\http\client.py", line 1322, in endheaders
    self._send_output(message_body, encode_chunked=encode_chunked)
  File "C:\Users\skram\AppData\Local\Programs\Python\Python312\Lib\http\client.py", line 1081, in _send_output
    self.send(msg)
  File "C:\Users\skram\AppData\Local\Programs\Python\Python312\Lib\http\client.py", line 1025, in send
    self.connect()
  File "C:\Users\skram\AppData\Local\Programs\Python\Python312\Lib\site-packages\urllib3\connection.py", line 276, in connect
    self.sock = self._new_conn()
                ^^^^^^^^^^^^^^^^
  File "C:\Users\skram\AppData\Local\Programs\Python\Python312\Lib\site-packages\urllib3\connection.py", line 213, in _new_conn
    raise NewConnectionError(
urllib3.exceptions.NewConnectionError: <urllib3.connection.HTTPConnection object at 0x000001C44802B650>: Failed to establish a new connection: [WinError 10061] No connection could be made because the target machine actively refused it

The above exception was the direct cause of the following exception:

Traceback (most recent call last):
  File "C:\Users\skram\AppData\Local\Programs\Python\Python312\Lib\site-packages\elastic_transport\_transport.py", line 342, in perform_request
    resp = node.perform_request(
           ^^^^^^^^^^^^^^^^^^^^^
  File "C:\Users\skram\AppData\Local\Programs\Python\Python312\Lib\site-packages\elastic_transport\_node\_http_urllib3.py", line 202, in perform_request
    raise err from e
elastic_transport.ConnectionError: Connection error caused by: NewConnectionError(<urllib3.connection.HTTPConnection object at 0x000001C44802B650>: Failed to establish a new connection: [WinError 10061] No connection could be made because the target machine actively refused it)
2026-06-13 01:50:17,734 - INFO - Resurrected node <Urllib3HttpNode(http://localhost:9200)> (force=False)
2026-06-13 01:50:21,822 - INFO - HEAD http://localhost:9200/ [status:N/A duration:4.086s]
2026-06-13 01:50:21,822 - WARNING - Node <Urllib3HttpNode(http://localhost:9200)> has failed for 4 times in a row, putting on 8 second timeout
2026-06-13 01:50:21,822 - WARNING - Elasticsearch is offline. Skipping indexing (SQL data is still saved).
2026-06-13 01:50:21,822 - INFO - ETL execution completed in 18.00 seconds.
2026-06-13 01:50:21,822 - INFO - ========================================
2026-06-13 01:50:21,822 - INFO -          ETL INGESTION REPORT           
2026-06-13 01:50:21,822 - INFO - ========================================
2026-06-13 01:50:21,822 - INFO - Dataset 'diseases':
2026-06-13 01:50:21,822 - INFO -   - Total processed: 500
2026-06-13 01:50:21,822 - INFO -   - Successfully imported/updated: 500
2026-06-13 01:50:21,822 - INFO -   - Rejected / Failed: 0
2026-06-13 01:50:21,822 - INFO - Dataset 'genes':
2026-06-13 01:50:21,822 - INFO -   - Total processed: 1500
2026-06-13 01:50:21,822 - INFO -   - Successfully imported/updated: 1500
2026-06-13 01:50:21,822 - INFO -   - Rejected / Failed: 0
2026-06-13 01:50:21,822 - INFO - Dataset 'variants':
2026-06-13 01:50:21,822 - INFO -   - Total processed: 2000
2026-06-13 01:50:21,822 - INFO -   - Successfully imported/updated: 2000
2026-06-13 01:50:21,822 - INFO -   - Rejected / Failed: 0
2026-06-13 01:50:21,822 - INFO - Dataset 'associations':
2026-06-13 01:50:21,822 - INFO -   - Total processed: 9924
2026-06-13 01:50:21,822 - INFO -   - Successfully imported/updated: 9924
2026-06-13 01:50:21,831 - INFO -   - Rejected / Failed: 0
2026-06-13 01:50:21,831 - INFO - Dataset 'pathways':
2026-06-13 01:50:21,832 - INFO -   - Total processed: 300
2026-06-13 01:50:21,832 - INFO -   - Successfully imported/updated: 300
2026-06-13 01:50:21,832 - INFO -   - Rejected / Failed: 0
2026-06-13 01:50:21,832 - INFO - Dataset 'drug_targets':
2026-06-13 01:50:21,832 - INFO -   - Total processed: 500
2026-06-13 01:50:21,832 - INFO -   - Successfully imported/updated: 500
2026-06-13 01:50:21,832 - INFO -   - Rejected / Failed: 0
2026-06-13 01:50:21,832 - INFO - Dataset 'publications':
2026-06-13 01:50:21,832 - INFO -   - Total processed: 1000
2026-06-13 01:50:21,835 - INFO -   - Successfully imported/updated: 1000
2026-06-13 01:50:21,835 - INFO -   - Rejected / Failed: 0
2026-06-13 01:50:21,835 - INFO - ========================================
2026-06-13 01:50:21,840 - INFO - Detailed data quality report saved to: etl_report.json
